2019-11-26 23:54:03,728 - kpl_crawler.py:111 - func: [core.py.zzquant.logger.logger] - 忽略消息：11月26日讯，现货黄金短线上扬，逼近1460美元/盎司，日内涨幅0.3%。现货白银重回17美元/盎司关口上方，涨逾0.9%。
2019-11-26 23:54:03,728 - kpl_crawler.py:111 - func: [core.py.zzquant.logger.logger] - 忽略消息：【第四季度标普500指数成分股的盈利料同比下滑】Refinitiv旗下IBES数据显示，第四季度标普500指数成分股的盈利料将较去年同期下滑，即连续两个季度出现同比下滑。截至周二，分析师预期这些成分股第四季度盈利的同比下滑幅度为0.1%。而数据显示，目前标普500指数几乎所有成分股均公布了三季报，同比下滑幅度估算为0.4%。
2019-11-26 23:54:03,729 - kpl_crawler.py:111 - func: [core.py.zzquant.logger.logger] - 忽略消息：据悉，OPEC考虑在2020年3月后将石油减产协议延长3-6个月。布伦特原油目前上涨0.48%，报62.93美元/桶
2019-11-26 23:54:03,729 - kpl_crawler.py:111 - func: [core.py.zzquant.logger.logger] - 忽略消息：【在岸人民币兑美元夜盘收涨33点】11月26日讯，周二在岸人民币兑美元夜盘收报7.0322，较上一交易日夜盘涨33点。成交量286.58亿美元，较上一交易日夜盘增加16.92亿美元。
2019-11-26 23:54:03,729 - kpl_crawler.py:111 - func: [core.py.zzquant.logger.logger] - 忽略消息：焦炭夜盘收跌0.64%，焦煤收跌0.44%，动力煤收跌0.29%。
橡胶夜盘收跌0.47%，沥青收涨1.84%。
豆粕夜盘收跌0.51%，菜粕收跌0.77%。
郑棉夜盘收涨0.04%
2019-11-26 23:54:03,729 - kpl_crawler.py:111 - func: [core.py.zzquant.logger.logger] - 忽略消息：【国内商品期货夜盘多数下跌 棕榈油跌近2%】11月26日讯，周二国内商品期货夜盘多数下跌。焦炭、焦煤、动力煤分别收跌0.64%、0.44%、0.29%。豆油、棕榈油分别收跌0.64%、1.98%，菜油收涨0.33%。豆粕、菜粕、大豆分别收跌0.51%、0.77%、0.21%。沪金、沪银分别现涨0.24%、0.53%。
2019-11-26 23:54:03,729 - kpl_crawler.py:111 - func: [core.py.zzquant.logger.logger] - 忽略消息：11月26日讯，据塔斯社援引消息人士报道，欧佩克考虑在2020年3月以后将石油减产协议延长3-6个月。
2019-11-26 23:54:03,729 - kpl_crawler.py:111 - func: [core.py.zzquant.logger.logger] - 忽略消息：中概股万达体育涨超13%，为连续第三日上涨，蔚来汽车涨近10%，为第二日上涨
2019-11-26 23:59:52,106 - kpl_crawler.py:111 - func: [core.py.zzquant.logger.logger] - 忽略消息：11月26日讯，现货黄金短线上扬，逼近1460美元/盎司，日内涨幅0.3%。现货白银重回17美元/盎司关口上方，涨逾0.9%。
2019-11-26 23:59:52,107 - kpl_crawler.py:111 - func: [core.py.zzquant.logger.logger] - 忽略消息：【第四季度标普500指数成分股的盈利料同比下滑】Refinitiv旗下IBES数据显示，第四季度标普500指数成分股的盈利料将较去年同期下滑，即连续两个季度出现同比下滑。截至周二，分析师预期这些成分股第四季度盈利的同比下滑幅度为0.1%。而数据显示，目前标普500指数几乎所有成分股均公布了三季报，同比下滑幅度估算为0.4%。
2019-11-26 23:59:52,107 - kpl_crawler.py:111 - func: [core.py.zzquant.logger.logger] - 忽略消息：据悉，OPEC考虑在2020年3月后将石油减产协议延长3-6个月。布伦特原油目前上涨0.48%，报62.93美元/桶
2019-11-26 23:59:52,107 - kpl_crawler.py:111 - func: [core.py.zzquant.logger.logger] - 忽略消息：【在岸人民币兑美元夜盘收涨33点】11月26日讯，周二在岸人民币兑美元夜盘收报7.0322，较上一交易日夜盘涨33点。成交量286.58亿美元，较上一交易日夜盘增加16.92亿美元。
2019-11-26 23:59:52,107 - kpl_crawler.py:111 - func: [core.py.zzquant.logger.logger] - 忽略消息：焦炭夜盘收跌0.64%，焦煤收跌0.44%，动力煤收跌0.29%。
橡胶夜盘收跌0.47%，沥青收涨1.84%。
豆粕夜盘收跌0.51%，菜粕收跌0.77%。
郑棉夜盘收涨0.04%
2019-11-26 23:59:52,107 - kpl_crawler.py:111 - func: [core.py.zzquant.logger.logger] - 忽略消息：【国内商品期货夜盘多数下跌 棕榈油跌近2%】11月26日讯，周二国内商品期货夜盘多数下跌。焦炭、焦煤、动力煤分别收跌0.64%、0.44%、0.29%。豆油、棕榈油分别收跌0.64%、1.98%，菜油收涨0.33%。豆粕、菜粕、大豆分别收跌0.51%、0.77%、0.21%。沪金、沪银分别现涨0.24%、0.53%。
2019-11-26 23:59:52,107 - kpl_crawler.py:111 - func: [core.py.zzquant.logger.logger] - 忽略消息：11月26日讯，据塔斯社援引消息人士报道，欧佩克考虑在2020年3月以后将石油减产协议延长3-6个月。
2019-11-26 23:59:52,107 - kpl_crawler.py:111 - func: [core.py.zzquant.logger.logger] - 忽略消息：中概股万达体育涨超13%，为连续第三日上涨，蔚来汽车涨近10%，为第二日上涨
2019-11-27 00:00:59,074 - kpl_crawler.py:111 - func: [core.py.zzquant.logger.logger] - 忽略消息：11月26日讯，现货黄金短线上扬，逼近1460美元/盎司，日内涨幅0.3%。现货白银重回17美元/盎司关口上方，涨逾0.9%。
2019-11-27 00:00:59,075 - kpl_crawler.py:111 - func: [core.py.zzquant.logger.logger] - 忽略消息：【第四季度标普500指数成分股的盈利料同比下滑】Refinitiv旗下IBES数据显示，第四季度标普500指数成分股的盈利料将较去年同期下滑，即连续两个季度出现同比下滑。截至周二，分析师预期这些成分股第四季度盈利的同比下滑幅度为0.1%。而数据显示，目前标普500指数几乎所有成分股均公布了三季报，同比下滑幅度估算为0.4%。
2019-11-27 00:00:59,075 - kpl_crawler.py:111 - func: [core.py.zzquant.logger.logger] - 忽略消息：据悉，OPEC考虑在2020年3月后将石油减产协议延长3-6个月。布伦特原油目前上涨0.48%，报62.93美元/桶
2019-11-27 00:00:59,075 - kpl_crawler.py:111 - func: [core.py.zzquant.logger.logger] - 忽略消息：【在岸人民币兑美元夜盘收涨33点】11月26日讯，周二在岸人民币兑美元夜盘收报7.0322，较上一交易日夜盘涨33点。成交量286.58亿美元，较上一交易日夜盘增加16.92亿美元。
2019-11-27 00:00:59,075 - kpl_crawler.py:111 - func: [core.py.zzquant.logger.logger] - 忽略消息：焦炭夜盘收跌0.64%，焦煤收跌0.44%，动力煤收跌0.29%。
橡胶夜盘收跌0.47%，沥青收涨1.84%。
豆粕夜盘收跌0.51%，菜粕收跌0.77%。
郑棉夜盘收涨0.04%
2019-11-27 00:00:59,075 - kpl_crawler.py:111 - func: [core.py.zzquant.logger.logger] - 忽略消息：【国内商品期货夜盘多数下跌 棕榈油跌近2%】11月26日讯，周二国内商品期货夜盘多数下跌。焦炭、焦煤、动力煤分别收跌0.64%、0.44%、0.29%。豆油、棕榈油分别收跌0.64%、1.98%，菜油收涨0.33%。豆粕、菜粕、大豆分别收跌0.51%、0.77%、0.21%。沪金、沪银分别现涨0.24%、0.53%。
2019-11-27 00:00:59,075 - kpl_crawler.py:111 - func: [core.py.zzquant.logger.logger] - 忽略消息：11月26日讯，据塔斯社援引消息人士报道，欧佩克考虑在2020年3月以后将石油减产协议延长3-6个月。
2019-11-27 00:00:59,075 - kpl_crawler.py:111 - func: [core.py.zzquant.logger.logger] - 忽略消息：中概股万达体育涨超13%，为连续第三日上涨，蔚来汽车涨近10%，为第二日上涨
2019-11-27 00:01:52,325 - kpl_crawler.py:111 - func: [core.py.zzquant.logger.logger] - 忽略消息：上金所白银T+D涨幅扩大至1%，现报4111元/千克。
2019-11-27 00:01:52,325 - kpl_crawler.py:111 - func: [core.py.zzquant.logger.logger] - 忽略消息：11月26日讯，现货黄金短线上扬，逼近1460美元/盎司，日内涨幅0.3%。现货白银重回17美元/盎司关口上方，涨逾0.9%。
2019-11-27 00:01:52,325 - kpl_crawler.py:111 - func: [core.py.zzquant.logger.logger] - 忽略消息：【第四季度标普500指数成分股的盈利料同比下滑】Refinitiv旗下IBES数据显示，第四季度标普500指数成分股的盈利料将较去年同期下滑，即连续两个季度出现同比下滑。截至周二，分析师预期这些成分股第四季度盈利的同比下滑幅度为0.1%。而数据显示，目前标普500指数几乎所有成分股均公布了三季报，同比下滑幅度估算为0.4%。
2019-11-27 00:01:52,325 - kpl_crawler.py:111 - func: [core.py.zzquant.logger.logger] - 忽略消息：据悉，OPEC考虑在2020年3月后将石油减产协议延长3-6个月。布伦特原油目前上涨0.48%，报62.93美元/桶
2019-11-27 00:01:52,325 - kpl_crawler.py:111 - func: [core.py.zzquant.logger.logger] - 忽略消息：【在岸人民币兑美元夜盘收涨33点】11月26日讯，周二在岸人民币兑美元夜盘收报7.0322，较上一交易日夜盘涨33点。成交量286.58亿美元，较上一交易日夜盘增加16.92亿美元。
2019-11-27 00:01:52,325 - kpl_crawler.py:111 - func: [core.py.zzquant.logger.logger] - 忽略消息：焦炭夜盘收跌0.64%，焦煤收跌0.44%，动力煤收跌0.29%。
橡胶夜盘收跌0.47%，沥青收涨1.84%。
豆粕夜盘收跌0.51%，菜粕收跌0.77%。
郑棉夜盘收涨0.04%
2019-11-27 00:01:52,325 - kpl_crawler.py:111 - func: [core.py.zzquant.logger.logger] - 忽略消息：【国内商品期货夜盘多数下跌 棕榈油跌近2%】11月26日讯，周二国内商品期货夜盘多数下跌。焦炭、焦煤、动力煤分别收跌0.64%、0.44%、0.29%。豆油、棕榈油分别收跌0.64%、1.98%，菜油收涨0.33%。豆粕、菜粕、大豆分别收跌0.51%、0.77%、0.21%。沪金、沪银分别现涨0.24%、0.53%。
2019-11-27 00:01:52,326 - kpl_crawler.py:111 - func: [core.py.zzquant.logger.logger] - 忽略消息：11月26日讯，据塔斯社援引消息人士报道，欧佩克考虑在2020年3月以后将石油减产协议延长3-6个月。
2019-11-27 00:02:05,480 - kpl_crawler.py:111 - func: [core.py.zzquant.logger.logger] - 忽略消息：上金所白银T+D涨幅扩大至1%，现报4111元/千克。
2019-11-27 00:02:05,481 - kpl_crawler.py:111 - func: [core.py.zzquant.logger.logger] - 忽略消息：11月26日讯，现货黄金短线上扬，逼近1460美元/盎司，日内涨幅0.3%。现货白银重回17美元/盎司关口上方，涨逾0.9%。
2019-11-27 00:02:05,481 - kpl_crawler.py:111 - func: [core.py.zzquant.logger.logger] - 忽略消息：【第四季度标普500指数成分股的盈利料同比下滑】Refinitiv旗下IBES数据显示，第四季度标普500指数成分股的盈利料将较去年同期下滑，即连续两个季度出现同比下滑。截至周二，分析师预期这些成分股第四季度盈利的同比下滑幅度为0.1%。而数据显示，目前标普500指数几乎所有成分股均公布了三季报，同比下滑幅度估算为0.4%。
2019-11-27 00:02:05,481 - kpl_crawler.py:111 - func: [core.py.zzquant.logger.logger] - 忽略消息：据悉，OPEC考虑在2020年3月后将石油减产协议延长3-6个月。布伦特原油目前上涨0.48%，报62.93美元/桶
2019-11-27 00:02:05,481 - kpl_crawler.py:111 - func: [core.py.zzquant.logger.logger] - 忽略消息：【在岸人民币兑美元夜盘收涨33点】11月26日讯，周二在岸人民币兑美元夜盘收报7.0322，较上一交易日夜盘涨33点。成交量286.58亿美元，较上一交易日夜盘增加16.92亿美元。
2019-11-27 00:02:05,481 - kpl_crawler.py:111 - func: [core.py.zzquant.logger.logger] - 忽略消息：焦炭夜盘收跌0.64%，焦煤收跌0.44%，动力煤收跌0.29%。
橡胶夜盘收跌0.47%，沥青收涨1.84%。
豆粕夜盘收跌0.51%，菜粕收跌0.77%。
郑棉夜盘收涨0.04%
2019-11-27 00:02:05,481 - kpl_crawler.py:111 - func: [core.py.zzquant.logger.logger] - 忽略消息：【国内商品期货夜盘多数下跌 棕榈油跌近2%】11月26日讯，周二国内商品期货夜盘多数下跌。焦炭、焦煤、动力煤分别收跌0.64%、0.44%、0.29%。豆油、棕榈油分别收跌0.64%、1.98%，菜油收涨0.33%。豆粕、菜粕、大豆分别收跌0.51%、0.77%、0.21%。沪金、沪银分别现涨0.24%、0.53%。
2019-11-27 00:02:05,481 - kpl_crawler.py:111 - func: [core.py.zzquant.logger.logger] - 忽略消息：11月26日讯，据塔斯社援引消息人士报道，欧佩克考虑在2020年3月以后将石油减产协议延长3-6个月。
2019-11-27 00:02:35,153 - kpl_crawler.py:111 - func: [core.py.zzquant.logger.logger] - 忽略消息：上金所白银T+D涨幅扩大至1%，现报4111元/千克。
2019-11-27 00:02:35,153 - kpl_crawler.py:111 - func: [core.py.zzquant.logger.logger] - 忽略消息：11月26日讯，现货黄金短线上扬，逼近1460美元/盎司，日内涨幅0.3%。现货白银重回17美元/盎司关口上方，涨逾0.9%。
2019-11-27 00:02:35,153 - kpl_crawler.py:111 - func: [core.py.zzquant.logger.logger] - 忽略消息：【第四季度标普500指数成分股的盈利料同比下滑】Refinitiv旗下IBES数据显示，第四季度标普500指数成分股的盈利料将较去年同期下滑，即连续两个季度出现同比下滑。截至周二，分析师预期这些成分股第四季度盈利的同比下滑幅度为0.1%。而数据显示，目前标普500指数几乎所有成分股均公布了三季报，同比下滑幅度估算为0.4%。
2019-11-27 00:02:35,153 - kpl_crawler.py:111 - func: [core.py.zzquant.logger.logger] - 忽略消息：据悉，OPEC考虑在2020年3月后将石油减产协议延长3-6个月。布伦特原油目前上涨0.48%，报62.93美元/桶
2019-11-27 00:02:35,153 - kpl_crawler.py:111 - func: [core.py.zzquant.logger.logger] - 忽略消息：【在岸人民币兑美元夜盘收涨33点】11月26日讯，周二在岸人民币兑美元夜盘收报7.0322，较上一交易日夜盘涨33点。成交量286.58亿美元，较上一交易日夜盘增加16.92亿美元。
2019-11-27 00:02:35,153 - kpl_crawler.py:111 - func: [core.py.zzquant.logger.logger] - 忽略消息：焦炭夜盘收跌0.64%，焦煤收跌0.44%，动力煤收跌0.29%。
橡胶夜盘收跌0.47%，沥青收涨1.84%。
豆粕夜盘收跌0.51%，菜粕收跌0.77%。
郑棉夜盘收涨0.04%
2019-11-27 00:02:35,154 - kpl_crawler.py:111 - func: [core.py.zzquant.logger.logger] - 忽略消息：【国内商品期货夜盘多数下跌 棕榈油跌近2%】11月26日讯，周二国内商品期货夜盘多数下跌。焦炭、焦煤、动力煤分别收跌0.64%、0.44%、0.29%。豆油、棕榈油分别收跌0.64%、1.98%，菜油收涨0.33%。豆粕、菜粕、大豆分别收跌0.51%、0.77%、0.21%。沪金、沪银分别现涨0.24%、0.53%。
2019-11-27 00:02:35,154 - kpl_crawler.py:111 - func: [core.py.zzquant.logger.logger] - 忽略消息：11月26日讯，据塔斯社援引消息人士报道，欧佩克考虑在2020年3月以后将石油减产协议延长3-6个月。
2019-11-27 00:02:54,564 - kpl_crawler.py:111 - func: [core.py.zzquant.logger.logger] - 忽略消息：上金所白银T+D涨幅扩大至1%，现报4111元/千克。
2019-11-27 00:02:54,565 - kpl_crawler.py:111 - func: [core.py.zzquant.logger.logger] - 忽略消息：11月26日讯，现货黄金短线上扬，逼近1460美元/盎司，日内涨幅0.3%。现货白银重回17美元/盎司关口上方，涨逾0.9%。
2019-11-27 00:02:54,565 - kpl_crawler.py:111 - func: [core.py.zzquant.logger.logger] - 忽略消息：【第四季度标普500指数成分股的盈利料同比下滑】Refinitiv旗下IBES数据显示，第四季度标普500指数成分股的盈利料将较去年同期下滑，即连续两个季度出现同比下滑。截至周二，分析师预期这些成分股第四季度盈利的同比下滑幅度为0.1%。而数据显示，目前标普500指数几乎所有成分股均公布了三季报，同比下滑幅度估算为0.4%。
2019-11-27 00:02:54,565 - kpl_crawler.py:111 - func: [core.py.zzquant.logger.logger] - 忽略消息：据悉，OPEC考虑在2020年3月后将石油减产协议延长3-6个月。布伦特原油目前上涨0.48%，报62.93美元/桶
2019-11-27 00:02:54,565 - kpl_crawler.py:111 - func: [core.py.zzquant.logger.logger] - 忽略消息：【在岸人民币兑美元夜盘收涨33点】11月26日讯，周二在岸人民币兑美元夜盘收报7.0322，较上一交易日夜盘涨33点。成交量286.58亿美元，较上一交易日夜盘增加16.92亿美元。
2019-11-27 00:02:54,565 - kpl_crawler.py:111 - func: [core.py.zzquant.logger.logger] - 忽略消息：焦炭夜盘收跌0.64%，焦煤收跌0.44%，动力煤收跌0.29%。
橡胶夜盘收跌0.47%，沥青收涨1.84%。
豆粕夜盘收跌0.51%，菜粕收跌0.77%。
郑棉夜盘收涨0.04%
2019-11-27 00:02:54,565 - kpl_crawler.py:111 - func: [core.py.zzquant.logger.logger] - 忽略消息：【国内商品期货夜盘多数下跌 棕榈油跌近2%】11月26日讯，周二国内商品期货夜盘多数下跌。焦炭、焦煤、动力煤分别收跌0.64%、0.44%、0.29%。豆油、棕榈油分别收跌0.64%、1.98%，菜油收涨0.33%。豆粕、菜粕、大豆分别收跌0.51%、0.77%、0.21%。沪金、沪银分别现涨0.24%、0.53%。
2019-11-27 00:02:54,565 - kpl_crawler.py:111 - func: [core.py.zzquant.logger.logger] - 忽略消息：11月26日讯，据塔斯社援引消息人士报道，欧佩克考虑在2020年3月以后将石油减产协议延长3-6个月。
2019-11-27 00:05:09,528 - kpl_crawler.py:111 - func: [core.py.zzquant.logger.logger] - 忽略消息：惠誉：主要中东欧经济体的外部资产负债表普遍强劲，比2012年地区经济放缓和2009年全球经济衰退期间的表现更为强劲。
2019-11-27 00:05:09,529 - kpl_crawler.py:111 - func: [core.py.zzquant.logger.logger] - 忽略消息：研究机构Pivotal Research：将亚马逊目标价从2500美元下调至2100美元，评级买入。
2019-11-27 00:05:09,529 - kpl_crawler.py:111 - func: [core.py.zzquant.logger.logger] - 忽略消息：上金所白银T+D涨幅扩大至1%，现报4111元/千克。
2019-11-27 00:05:09,529 - kpl_crawler.py:111 - func: [core.py.zzquant.logger.logger] - 忽略消息：11月26日讯，现货黄金短线上扬，逼近1460美元/盎司，日内涨幅0.3%。现货白银重回17美元/盎司关口上方，涨逾0.9%。
2019-11-27 00:05:09,529 - kpl_crawler.py:111 - func: [core.py.zzquant.logger.logger] - 忽略消息：【第四季度标普500指数成分股的盈利料同比下滑】Refinitiv旗下IBES数据显示，第四季度标普500指数成分股的盈利料将较去年同期下滑，即连续两个季度出现同比下滑。截至周二，分析师预期这些成分股第四季度盈利的同比下滑幅度为0.1%。而数据显示，目前标普500指数几乎所有成分股均公布了三季报，同比下滑幅度估算为0.4%。
2019-11-27 00:05:09,529 - kpl_crawler.py:111 - func: [core.py.zzquant.logger.logger] - 忽略消息：据悉，OPEC考虑在2020年3月后将石油减产协议延长3-6个月。布伦特原油目前上涨0.48%，报62.93美元/桶
2019-11-27 00:05:09,529 - kpl_crawler.py:111 - func: [core.py.zzquant.logger.logger] - 忽略消息：【在岸人民币兑美元夜盘收涨33点】11月26日讯，周二在岸人民币兑美元夜盘收报7.0322，较上一交易日夜盘涨33点。成交量286.58亿美元，较上一交易日夜盘增加16.92亿美元。
2019-11-27 00:05:09,529 - kpl_crawler.py:111 - func: [core.py.zzquant.logger.logger] - 忽略消息：焦炭夜盘收跌0.64%，焦煤收跌0.44%，动力煤收跌0.29%。
橡胶夜盘收跌0.47%，沥青收涨1.84%。
豆粕夜盘收跌0.51%，菜粕收跌0.77%。
郑棉夜盘收涨0.04%
2019-11-27 00:05:39,187 - kpl_crawler.py:111 - func: [core.py.zzquant.logger.logger] - 忽略消息：惠誉：主要中东欧经济体的外部资产负债表普遍强劲，比2012年地区经济放缓和2009年全球经济衰退期间的表现更为强劲。
2019-11-27 00:05:39,187 - kpl_crawler.py:111 - func: [core.py.zzquant.logger.logger] - 忽略消息：研究机构Pivotal Research：将亚马逊目标价从2500美元下调至2100美元，评级买入。
2019-11-27 00:05:39,188 - kpl_crawler.py:111 - func: [core.py.zzquant.logger.logger] - 忽略消息：上金所白银T+D涨幅扩大至1%，现报4111元/千克。
2019-11-27 00:05:39,188 - kpl_crawler.py:111 - func: [core.py.zzquant.logger.logger] - 忽略消息：11月26日讯，现货黄金短线上扬，逼近1460美元/盎司，日内涨幅0.3%。现货白银重回17美元/盎司关口上方，涨逾0.9%。
2019-11-27 00:05:39,188 - kpl_crawler.py:111 - func: [core.py.zzquant.logger.logger] - 忽略消息：【第四季度标普500指数成分股的盈利料同比下滑】Refinitiv旗下IBES数据显示，第四季度标普500指数成分股的盈利料将较去年同期下滑，即连续两个季度出现同比下滑。截至周二，分析师预期这些成分股第四季度盈利的同比下滑幅度为0.1%。而数据显示，目前标普500指数几乎所有成分股均公布了三季报，同比下滑幅度估算为0.4%。
2019-11-27 00:05:39,188 - kpl_crawler.py:111 - func: [core.py.zzquant.logger.logger] - 忽略消息：据悉，OPEC考虑在2020年3月后将石油减产协议延长3-6个月。布伦特原油目前上涨0.48%，报62.93美元/桶
2019-11-27 00:05:39,188 - kpl_crawler.py:111 - func: [core.py.zzquant.logger.logger] - 忽略消息：【在岸人民币兑美元夜盘收涨33点】11月26日讯，周二在岸人民币兑美元夜盘收报7.0322，较上一交易日夜盘涨33点。成交量286.58亿美元，较上一交易日夜盘增加16.92亿美元。
2019-11-27 00:05:39,188 - kpl_crawler.py:111 - func: [core.py.zzquant.logger.logger] - 忽略消息：焦炭夜盘收跌0.64%，焦煤收跌0.44%，动力煤收跌0.29%。
橡胶夜盘收跌0.47%，沥青收涨1.84%。
豆粕夜盘收跌0.51%，菜粕收跌0.77%。
郑棉夜盘收涨0.04%
